<?xml version="1.0" encoding="UTF-8"?>
<testng-results skipped="0" failed="0" ignored="0" total="1" passed="1">
  <reporter-output>
  </reporter-output>
  <suite name="Default suite" duration-ms="2893" started-at="2017-05-30T23:05:38Z" finished-at="2017-05-30T23:05:41Z">
    <groups>
    </groups>
    <test name="Default test" duration-ms="2893" started-at="2017-05-30T23:05:38Z" finished-at="2017-05-30T23:05:41Z">
      <class name="com.maven.technosoft.VerifyLogin">
        <test-method status="PASS" signature="intializeWebDriver()[pri:0, instance:com.maven.technosoft.VerifyLogin@66a3ffec]" name="intializeWebDriver" is-config="true" duration-ms="2067" started-at="2017-05-30T19:05:38Z" finished-at="2017-05-30T19:05:40Z">
          <reporter-output>
          </reporter-output>
        </test-method> <!-- intializeWebDriver -->
        <test-method status="PASS" signature="verifyLogin()[pri:0, instance:com.maven.technosoft.VerifyLogin@66a3ffec]" name="verifyLogin" duration-ms="723" started-at="2017-05-30T19:05:40Z" finished-at="2017-05-30T19:05:41Z">
          <reporter-output>
          </reporter-output>
        </test-method> <!-- verifyLogin -->
        <test-method status="PASS" signature="tearDown()[pri:0, instance:com.maven.technosoft.VerifyLogin@66a3ffec]" name="tearDown" is-config="true" duration-ms="89" started-at="2017-05-30T19:05:41Z" finished-at="2017-05-30T19:05:41Z">
          <reporter-output>
          </reporter-output>
        </test-method> <!-- tearDown -->
      </class> <!-- com.maven.technosoft.VerifyLogin -->
    </test> <!-- Default test -->
  </suite> <!-- Default suite -->
</testng-results>
